<?xml version="1.0" encoding="UTF-8"?>
<testng-results skipped="0" failed="1" ignored="2" total="4" passed="1">
  <reporter-output>
  </reporter-output>
  <suite name="LoginTest suite" duration-ms="22901" started-at="2018-03-06T06:41:29Z" finished-at="2018-03-06T06:41:52Z">
    <groups>
    </groups>
    <test name="LoginTest" duration-ms="22901" started-at="2018-03-06T06:41:29Z" finished-at="2018-03-06T06:41:52Z">
      <class name="liyan.dangjian.testsuit.SelectDetailByUserId">
        <test-method status="PASS" signature="normal(java.lang.String, java.lang.String, com.google.gson.JsonObject, java.lang.String)[pri:0, instance:liyan.dangjian.testsuit.SelectDetailByUserId@5a97618e]" name="normal" duration-ms="20520" started-at="2018-03-06T06:41:30Z" data-provider="normal" finished-at="2018-03-06T06:41:51Z">
          <params>
            <param index="0">
              <value>
                <![CDATA[http://192.168.30.141:8766//collectRank/selectDetailByOrgId]]>
              </value>
            </param>
            <param index="1">
              <value>
                <![CDATA[eyJhbGciOiJIUzUxMiJ9.eyJzdWIiOiLpu4TkuIDlroExNzE3MzUiLCJjcmVhdGVkIjoxNTIwMzE4NDkwMjgwLCJleHAiOjE1MjAzMjkyOTB9.UEJfY6nkw8qMvysyGo42-c3vT0e9j_zcXKijnuQFGMdcmFke0Wui5QZvuwebbu_iFldkx86SLeuhtlu56BWPxw]]>
              </value>
            </param>
            <param index="2">
              <value>
                <![CDATA[{"year":"2018","userId":"7b599af9ca6f11e78a54f44d304367e8"}]]>
              </value>
            </param>
            <param index="3">
              <value>
                <![CDATA["rest.success"]]>
              </value>
            </param>
          </params>
          <reporter-output>
          </reporter-output>
        </test-method> <!-- normal -->
        <test-method status="FAIL" signature="nullYear(java.lang.String, java.lang.String, com.google.gson.JsonObject, java.lang.String)[pri:0, instance:liyan.dangjian.testsuit.SelectDetailByUserId@5a97618e]" name="nullYear" duration-ms="69" started-at="2018-03-06T06:41:52Z" data-provider="nullYear" finished-at="2018-03-06T06:41:52Z">
          <params>
            <param index="0">
              <value>
                <![CDATA[http://192.168.30.141:8766//collectRank/selectDetailByOrgId]]>
              </value>
            </param>
            <param index="1">
              <value>
                <![CDATA[eyJhbGciOiJIUzUxMiJ9.eyJzdWIiOiLpu4TkuIDlroExNzE3MzUiLCJjcmVhdGVkIjoxNTIwMzE4NTExOTQwLCJleHAiOjE1MjAzMjkzMTF9.gHRzfSDRzELyVLKPHBqVELlR0IF5YddP9mLsCsIfVEmJk-BaK6a7gaJC6ksRXfYXTmiCTedUu0W1I3y__KBoxQ]]>
              </value>
            </param>
            <param index="2">
              <value>
                <![CDATA[{"year":"","userId":"7b599af9ca6f11e78a54f44d304367e8"}]]>
              </value>
            </param>
            <param index="3">
              <value>
                <![CDATA[401]]>
              </value>
            </param>
          </params>
          <exception class="java.lang.AssertionError">
            <message>
              <![CDATA[expected [401] but found ["rest.success"]]]>
            </message>
            <full-stacktrace>
              <![CDATA[java.lang.AssertionError: expected [401] but found ["rest.success"]
at org.testng.Assert.fail(Assert.java:96)
at org.testng.Assert.failNotEquals(Assert.java:776)
at org.testng.Assert.assertEqualsImpl(Assert.java:137)
at org.testng.Assert.assertEquals(Assert.java:118)
at org.testng.Assert.assertEquals(Assert.java:453)
at org.testng.Assert.assertEquals(Assert.java:463)
at liyan.dangjian.testsuit.SelectDetailByUserId.nullYear(SelectDetailByUserId.java:51)
at sun.reflect.NativeMethodAccessorImpl.invoke0(Native Method)
at sun.reflect.NativeMethodAccessorImpl.invoke(NativeMethodAccessorImpl.java:57)
at sun.reflect.DelegatingMethodAccessorImpl.invoke(DelegatingMethodAccessorImpl.java:43)
at java.lang.reflect.Method.invoke(Method.java:601)
at org.testng.internal.MethodInvocationHelper.invokeMethod(MethodInvocationHelper.java:124)
at org.testng.internal.Invoker.invokeMethod(Invoker.java:580)
at org.testng.internal.Invoker.invokeTestMethod(Invoker.java:716)
at org.testng.internal.Invoker.invokeTestMethods(Invoker.java:988)
at org.testng.internal.TestMethodWorker.invokeTestMethods(TestMethodWorker.java:125)
at org.testng.internal.TestMethodWorker.run(TestMethodWorker.java:109)
at org.testng.TestRunner.privateRun(TestRunner.java:648)
at org.testng.TestRunner.run(TestRunner.java:505)
at org.testng.SuiteRunner.runTest(SuiteRunner.java:455)
at org.testng.SuiteRunner.runSequentially(SuiteRunner.java:450)
at org.testng.SuiteRunner.privateRun(SuiteRunner.java:415)
at org.testng.SuiteRunner.run(SuiteRunner.java:364)
at org.testng.SuiteRunnerWorker.runSuite(SuiteRunnerWorker.java:52)
at org.testng.SuiteRunnerWorker.run(SuiteRunnerWorker.java:84)
at org.testng.TestNG.runSuitesSequentially(TestNG.java:1208)
at org.testng.TestNG.runSuitesLocally(TestNG.java:1137)
at org.testng.TestNG.runSuites(TestNG.java:1049)
at org.testng.TestNG.run(TestNG.java:1017)
at org.testng.remote.AbstractRemoteTestNG.run(AbstractRemoteTestNG.java:114)
at org.testng.remote.RemoteTestNG.initAndRun(RemoteTestNG.java:251)
at org.testng.remote.RemoteTestNG.main(RemoteTestNG.java:77)
]]>
            </full-stacktrace>
          </exception> <!-- java.lang.AssertionError -->
          <reporter-output>
          </reporter-output>
        </test-method> <!-- nullYear -->
      </class> <!-- liyan.dangjian.testsuit.SelectDetailByUserId -->
    </test> <!-- LoginTest -->
  </suite> <!-- LoginTest suite -->
</testng-results>
